<?xml version="1.0" encoding="UTF-8"?>
<!-- Generated by org.testng.reporters.JUnitReportReporter -->
<testsuite hostname="DESKTOP-9QG7VQE" failures="0" tests="1" name="com.rgt.runner.WebTest" time="18.931" errors="0" timestamp="2023-08-02T17:02:42 IST" skipped="0">
  <testcase classname="com.rgt.runner.WebTest" name="runner" time="18.931"/>
</testsuite> <!-- com.rgt.runner.WebTest -->
