<?xml version="1.0" encoding="UTF-8"?>
<!-- Generated by org.testng.reporters.JUnitReportReporter -->
<testsuite hostname="DESKTOP-9QG7VQE" failures="0" tests="1" name="com.rgt.runner.WebTest" time="17.598" errors="0" timestamp="2023-08-02T15:58:56 IST" skipped="0">
  <testcase classname="com.rgt.runner.WebTest" name="runner" time="17.598"/>
</testsuite> <!-- com.rgt.runner.WebTest -->
