<?xml version="1.0" encoding="UTF-8"?>
<!-- Generated by org.testng.reporters.JUnitReportReporter -->
<testsuite hostname="DESKTOP-9QG7VQE" failures="0" tests="1" name="com.rgt.runner.WebTest" time="35.467" errors="0" timestamp="2023-09-22T12:58:19 IST" skipped="0">
  <testcase classname="com.rgt.runner.WebTest" name="runner" time="35.467"/>
</testsuite> <!-- com.rgt.runner.WebTest -->
