<?xml version="1.0" encoding="UTF-8"?>
<!-- Generated by org.testng.reporters.JUnitReportReporter -->
<testsuite hostname="DESKTOP-9QG7VQE" failures="0" tests="1" name="com.rgt.runner.WebTest" time="20.766" errors="0" timestamp="2023-08-03T17:42:41 IST" skipped="0">
  <testcase classname="com.rgt.runner.WebTest" name="runner" time="20.766"/>
</testsuite> <!-- com.rgt.runner.WebTest -->
