<?xml version="1.0" encoding="UTF-8"?>
<!-- Generated by org.testng.reporters.JUnitReportReporter -->
<testsuite hostname="LMC-LT-64" failures="0" tests="1" name="com.rgt.runner.WebTest" time="156.216" errors="0" timestamp="2023-04-27T09:25:29 IST" skipped="0">
  <testcase classname="com.rgt.runner.WebTest" name="test" time="156.216"/>
  <system-out/>
</testsuite> <!-- com.rgt.runner.WebTest -->
