<?xml version="1.0" encoding="UTF-8"?>
<!-- Generated by org.testng.reporters.JUnitReportReporter -->
<testsuite hostname="DESKTOP-9QG7VQE" failures="0" tests="1" name="com.rgt.runner.WebTest" time="46.749" errors="0" timestamp="2023-09-14T15:17:15 IST" skipped="0">
  <testcase classname="com.rgt.runner.WebTest" name="runner" time="46.749"/>
</testsuite> <!-- com.rgt.runner.WebTest -->
